#
# There is insufficient memory for the Java Runtime Environment to continue.
# Native memory allocation (malloc) failed to allocate 133616 bytes for Chunk::new
# Possible reasons:
#   The system is out of physical RAM or swap space
#   In 32 bit mode, the process size limit was hit
# Possible solutions:
#   Reduce memory load on the system
#   Increase physical memory or swap space
#   Check if swap backing store is full
#   Use 64 bit Java on a 64 bit OS
#   Decrease Java heap size (-Xmx/-Xms)
#   Decrease number of Java threads
#   Decrease Java thread stack sizes (-Xss)
#   Set larger code cache with -XX:ReservedCodeCacheSize=
# This output file may be truncated or incomplete.
#
#  Out of Memory Error (allocation.cpp:390), pid=7872, tid=0x0000000000000f5c
#
# JRE version: Java(TM) SE Runtime Environment (8.0_131-b11) (build 1.8.0_131-b11)
# Java VM: Java HotSpot(TM) 64-Bit Server VM (25.131-b11 mixed mode windows-amd64 compressed oops)
# Failed to write core dump. Minidumps are not enabled by default on client versions of Windows
#

---------------  T H R E A D  ---------------

Current thread (0x0000000019f41000):  JavaThread "C2 CompilerThread0" daemon [_thread_in_native, id=3932, stack(0x000000001a780000,0x000000001a880000)]

Stack: [0x000000001a780000,0x000000001a880000]
[error occurred during error reporting (printing stack bounds), id 0xc0000005]

Native frames: (J=compiled Java code, j=interpreted, Vv=VM code, C=native code)


Current CompileTask:
C2:   1513  397       4       java.io.WinNTFileSystem::normalize (143 bytes)


---------------  P R O C E S S  ---------------

Java Threads: ( => current thread )
  0x0000000019f4e000 JavaThread "Service Thread" daemon [_thread_blocked, id=10208, stack(0x000000001ab80000,0x000000001ac80000)]
  0x0000000019f44000 JavaThread "C1 CompilerThread3" daemon [_thread_blocked, id=3876, stack(0x000000001aa80000,0x000000001ab80000)]
  0x0000000019f43000 JavaThread "C2 CompilerThread2" daemon [_thread_blocked, id=9588, stack(0x000000001a980000,0x000000001aa80000)]
  0x0000000019f42800 JavaThread "C2 CompilerThread1" daemon [_thread_blocked, id=6788, stack(0x000000001a880000,0x000000001a980000)]
=>0x0000000019f41000 JavaThread "C2 CompilerThread0" daemon [_thread_in_native, id=3932, stack(0x000000001a780000,0x000000001a880000)]
  0x0000000019ee7000 JavaThread "Monitor Ctrl-Break" daemon [_thread_in_native, id=11648, stack(0x000000001a680000,0x000000001a780000)]
  0x0000000019ed6800 JavaThread "Attach Listener" daemon [_thread_blocked, id=9368, stack(0x000000001a580000,0x000000001a680000)]
  0x0000000019ed5000 JavaThread "Signal Dispatcher" daemon [_thread_blocked, id=9476, stack(0x000000001a480000,0x000000001a580000)]
  0x0000000019ec0800 JavaThread "Finalizer" daemon [_thread_blocked, id=3148, stack(0x000000001a2a0000,0x000000001a3a0000)]
  0x000000000300b800 JavaThread "Reference Handler" daemon [_thread_blocked, id=7568, stack(0x0000000019da0000,0x0000000019ea0000)]
  0x0000000002f14800 JavaThread "main" [_thread_in_Java, id=1748, stack(0x00000000028f0000,0x00000000029f0000)]

Other Threads:
  0x0000000017fbb000 VMThread [stack: 0x0000000019ca0000,0x0000000019da0000] [id=4048]
  0x0000000019fd6000 WatcherThread [stack: 0x000000001ac80000,0x000000001ad80000] [id=9380]

VM state:not at safepoint (normal execution)

VM Mutex/Monitor currently owned by a thread: None

Heap:
 PSYoungGen      total 38400K, used 16763K [0x00000000d5d00000, 0x00000000d8780000, 0x0000000100000000)
  eden space 33280K, 50% used [0x00000000d5d00000,0x00000000d6d5ed78,0x00000000d7d80000)
  from space 5120K, 0% used [0x00000000d8280000,0x00000000d8280000,0x00000000d8780000)
  to   space 5120K, 0% used [0x00000000d7d80000,0x00000000d7d80000,0x00000000d8280000)
 ParOldGen       total 87552K, used 0K [0x0000000081600000, 0x0000000086b80000, 0x00000000d5d00000)
  object space 87552K, 0% used [0x0000000081600000,0x0000000081600000,0x0000000086b80000)
 Metaspace       used 7704K, capacity 7808K, committed 7936K, reserved 1056768K
  class space    used 880K, capacity 915K, committed 1024K, reserved 1048576K

Card table byte_map: [0x00000000123d0000,0x00000000127d0000] byte_map_base: 0x0000000011fc5000

Marking Bits: (ParMarkBitMap*) 0x000000005dfcc720
 Begin Bits: [0x0000000013280000, 0x0000000015228000)
 End Bits:   [0x0000000015228000, 0x00000000171d0000)

Polling page: 0x0000000000d10000

CodeCache: size=245760Kb used=2306Kb max_used=2306Kb free=243453Kb
 bounds [0x0000000003010000, 0x0000000003280000, 0x0000000012010000]
 total_blobs=791 nmethods=482 adapters=222
 compilation: enabled

Compilation events (10 events):
Event: 1.509 Thread 0x0000000019f44000  479       3       java.lang.ClassLoader::checkPackageAccess (122 bytes)
Event: 1.510 Thread 0x0000000019f44000 nmethod 479 0x000000000324f310 code [0x000000000324f540, 0x0000000003250128]
Event: 1.510 Thread 0x0000000019f44000  480   !   3       java.util.Collections$SynchronizedCollection::add (25 bytes)
Event: 1.510 Thread 0x0000000019f44000 nmethod 480 0x0000000003243a50 code [0x0000000003243bc0, 0x0000000003243f68]
Event: 1.510 Thread 0x0000000019f44000  481       3       sun.net.www.protocol.jar.Handler::parseURL (201 bytes)
Event: 1.511 Thread 0x0000000019f44000 nmethod 481 0x00000000032506d0 code [0x0000000003250980, 0x0000000003251de8]
Event: 1.511 Thread 0x0000000019f44000  482       3       sun.misc.URLClassPath$JarLoader$2::getCodeSourceURL (8 bytes)
Event: 1.511 Thread 0x0000000019f44000 nmethod 482 0x00000000032467d0 code [0x0000000003246920, 0x0000000003246a90]
Event: 1.511 Thread 0x0000000019f44000  483       3       sun.misc.URLClassPath$JarLoader$2::getManifest (11 bytes)
Event: 1.512 Thread 0x0000000019f44000 nmethod 483 0x00000000032527d0 code [0x0000000003252940, 0x0000000003252b68]

GC Heap History (0 events):
No events

Deoptimization events (4 events):
Event: 1.109 Thread 0x0000000002f14800 Uncommon trap: reason=unstable_if action=reinterpret pc=0x00000000031c4af0 method=sun.misc.MetaIndex.mayContain(Ljava/lang/String;)Z @ 38
Event: 1.152 Thread 0x0000000002f14800 Uncommon trap: reason=unstable_if action=reinterpret pc=0x000000000318b14c method=java.lang.String.indexOf([CII[CIII)I @ 134
Event: 1.163 Thread 0x0000000002f14800 Uncommon trap: reason=null_check action=make_not_entrant pc=0x00000000031e469c method=java.lang.String.equals(Ljava/lang/Object;)Z @ 8
Event: 1.349 Thread 0x0000000002f14800 Uncommon trap: reason=unstable_if action=reinterpret pc=0x000000000317045c method=sun.nio.cs.UTF_8$Encoder.encode([CII[B)I @ 33

Internal exceptions (9 events):
Event: 0.049 Thread 0x0000000002f14800 Exception <a 'java/lang/NoSuchMethodError': Method sun.misc.Unsafe.defineClass(Ljava/lang/String;[BII)Ljava/lang/Class; name or signature does not match> (0x00000000d5d07ca8) thrown at [C:\re\workspace\8-2-build-windows-amd64-cygwin\jdk8u131\8869\hotspot\
Event: 0.049 Thread 0x0000000002f14800 Exception <a 'java/lang/NoSuchMethodError': Method sun.misc.Unsafe.prefetchRead(Ljava/lang/Object;J)V name or signature does not match> (0x00000000d5d07f90) thrown at [C:\re\workspace\8-2-build-windows-amd64-cygwin\jdk8u131\8869\hotspot\src\share\vm\prims
Event: 0.944 Thread 0x0000000002f14800 Exception <a 'java/security/PrivilegedActionException'> (0x00000000d60fa2c0) thrown at [C:\re\workspace\8-2-build-windows-amd64-cygwin\jdk8u131\8869\hotspot\src\share\vm\prims\jvm.cpp, line 1390]
Event: 0.944 Thread 0x0000000002f14800 Exception <a 'java/security/PrivilegedActionException'> (0x00000000d60fa4d0) thrown at [C:\re\workspace\8-2-build-windows-amd64-cygwin\jdk8u131\8869\hotspot\src\share\vm\prims\jvm.cpp, line 1390]
Event: 0.945 Thread 0x0000000002f14800 Exception <a 'java/security/PrivilegedActionException'> (0x00000000d60fe3e0) thrown at [C:\re\workspace\8-2-build-windows-amd64-cygwin\jdk8u131\8869\hotspot\src\share\vm\prims\jvm.cpp, line 1390]
Event: 0.945 Thread 0x0000000002f14800 Exception <a 'java/security/PrivilegedActionException'> (0x00000000d60fe5f0) thrown at [C:\re\workspace\8-2-build-windows-amd64-cygwin\jdk8u131\8869\hotspot\src\share\vm\prims\jvm.cpp, line 1390]
Event: 1.097 Thread 0x0000000002f14800 Exception <a 'java/lang/ArrayIndexOutOfBoundsException'> (0x00000000d6543920) thrown at [C:\re\workspace\8-2-build-windows-amd64-cygwin\jdk8u131\8869\hotspot\src\share\vm\runtime\sharedRuntime.cpp, line 605]
Event: 1.097 Thread 0x0000000002f14800 Exception <a 'java/lang/ArrayIndexOutOfBoundsException'> (0x00000000d65454a8) thrown at [C:\re\workspace\8-2-build-windows-amd64-cygwin\jdk8u131\8869\hotspot\src\share\vm\runtime\sharedRuntime.cpp, line 605]
Event: 1.163 Thread 0x0000000002f14800 Implicit null exception at 0x00000000031e44db to 0x00000000031e468d

Events (10 events):
Event: 1.509 loading class org/apache/log4j/Appender
Event: 1.509 loading class org/apache/log4j/Appender done
Event: 1.510 loading class org/apache/log4j/ConsoleAppender
Event: 1.510 loading class org/apache/log4j/ConsoleAppender done
Event: 1.511 loading class org/apache/log4j/WriterAppender
Event: 1.511 loading class org/apache/log4j/WriterAppender done
Event: 1.511 loading class org/apache/log4j/AppenderSkeleton
Event: 1.511 loading class org/apache/log4j/AppenderSkeleton done
Event: 1.512 loading class org/apache/log4j/spi/OptionHandler
Event: 1.512 loading class org/apache/log4j/spi/OptionHandler done


Dynamic libraries:
0x000007f6149b0000 - 0x000007f6149e7000 	C:\Program Files\Java\jdk1.8.0_131\bin\java.exe
0x000007faf62d0000 - 0x000007faf648d000 	C:\Windows\SYSTEM32\ntdll.dll
0x000007faf4170000 - 0x000007faf42a7000 	C:\Windows\system32\KERNEL32.DLL
0x000007faf32b0000 - 0x000007faf33a4000 	C:\Windows\system32\KERNELBASE.dll
0x000007faf3b00000 - 0x000007faf3bde000 	C:\Windows\system32\ADVAPI32.dll
0x000007faf4510000 - 0x000007faf465c000 	C:\Windows\system32\USER32.dll
0x000007faf0010000 - 0x000007faf027a000 	C:\Windows\WinSxS\amd64_microsoft.windows.common-controls_6595b64144ccf1df_6.0.9200.17359_none_4188b989718cf1c6\COMCTL32.dll
0x000007faf42b0000 - 0x000007faf4355000 	C:\Windows\system32\msvcrt.dll
0x000007faf49b0000 - 0x000007faf49f8000 	C:\Windows\SYSTEM32\sechost.dll
0x000007faf4710000 - 0x000007faf4855000 	C:\Windows\system32\RPCRT4.dll
0x000007faf4860000 - 0x000007faf49a1000 	C:\Windows\system32\GDI32.dll
0x000007faf3d50000 - 0x000007faf3d89000 	C:\Windows\system32\IMM32.DLL
0x000007faf5fc0000 - 0x000007faf60d5000 	C:\Windows\system32\MSCTF.dll
0x0000000060730000 - 0x0000000060802000 	C:\Program Files\Java\jdk1.8.0_131\jre\bin\msvcr100.dll
0x000000005d7b0000 - 0x000000005e04c000 	C:\Program Files\Java\jdk1.8.0_131\jre\bin\server\jvm.dll
0x000007fadd3d0000 - 0x000007fadd3d9000 	C:\Windows\SYSTEM32\WSOCK32.dll
0x000007fae70a0000 - 0x000007fae70c0000 	C:\Windows\SYSTEM32\WINMM.dll
0x000007faf1d40000 - 0x000007faf1d49000 	C:\Windows\SYSTEM32\VERSION.dll
0x000007faf60e0000 - 0x000007faf60e7000 	C:\Windows\system32\PSAPI.DLL
0x000007faf5e90000 - 0x000007faf5ee8000 	C:\Windows\system32\WS2_32.dll
0x000007fae7060000 - 0x000007fae7093000 	C:\Windows\SYSTEM32\WINMMBASE.dll
0x000007faf62c0000 - 0x000007faf62c9000 	C:\Windows\system32\NSI.dll
0x000007faf3260000 - 0x000007faf32af000 	C:\Windows\SYSTEM32\cfgmgr32.dll
0x000007faf3230000 - 0x000007faf3252000 	C:\Windows\system32\DEVOBJ.dll
0x0000000060720000 - 0x000000006072f000 	C:\Program Files\Java\jdk1.8.0_131\jre\bin\verify.dll
0x00000000606f0000 - 0x0000000060719000 	C:\Program Files\Java\jdk1.8.0_131\jre\bin\java.dll
0x0000000060540000 - 0x0000000060563000 	C:\Program Files\Java\jdk1.8.0_131\jre\bin\instrument.dll
0x00000000606d0000 - 0x00000000606e6000 	C:\Program Files\Java\jdk1.8.0_131\jre\bin\zip.dll
0x000007faf4a00000 - 0x000007faf5ce5000 	C:\Windows\system32\SHELL32.dll
0x000007faf4360000 - 0x000007faf4510000 	C:\Windows\SYSTEM32\combase.dll
0x000007faf3820000 - 0x000007faf3870000 	C:\Windows\system32\SHLWAPI.dll
0x000007faf0280000 - 0x000007faf0316000 	C:\Windows\SYSTEM32\SHCORE.dll
0x000007faf31d0000 - 0x000007faf31e5000 	C:\Windows\system32\profapi.dll
0x000007fadded0000 - 0x000007faddeea000 	C:\Program Files\JetBrains\IntelliJ IDEA Community Edition 2017.1.3\bin\breakgen64.dll
0x0000000060590000 - 0x00000000605aa000 	C:\Program Files\Java\jdk1.8.0_131\jre\bin\net.dll
0x000007faf2990000 - 0x000007faf29ec000 	C:\Windows\system32\mswsock.dll
0x000007faf29f0000 - 0x000007faf2a0a000 	C:\Windows\SYSTEM32\CRYPTSP.dll
0x000007faf2690000 - 0x000007faf26db000 	C:\Windows\system32\rsaenh.dll
0x000007faf3210000 - 0x000007faf322f000 	C:\Windows\system32\USERENV.dll
0x000007faf2f80000 - 0x000007faf2f8a000 	C:\Windows\SYSTEM32\CRYPTBASE.dll
0x000007faf2f20000 - 0x000007faf2f7d000 	C:\Windows\SYSTEM32\bcryptPrimitives.dll
0x000007faeffc0000 - 0x000007faeffec000 	C:\Windows\SYSTEM32\IPHLPAPI.DLL
0x000007faeffb0000 - 0x000007faeffba000 	C:\Windows\SYSTEM32\WINNSI.DLL
0x000007fae85c0000 - 0x000007fae85d3000 	C:\Windows\SYSTEM32\dhcpcsvc6.DLL
0x000007fae8a90000 - 0x000007fae8aa8000 	C:\Windows\SYSTEM32\dhcpcsvc.DLL
0x0000000060570000 - 0x0000000060581000 	C:\Program Files\Java\jdk1.8.0_131\jre\bin\nio.dll

VM Arguments:
jvm_args: -ea -Didea.test.cyclic.buffer.size=1048576 -javaagent:C:\Program Files\JetBrains\IntelliJ IDEA Community Edition 2017.1.3\lib\idea_rt.jar=50651:C:\Program Files\JetBrains\IntelliJ IDEA Community Edition 2017.1.3\bin -Dfile.encoding=UTF-8 
java_command: org.testng.RemoteTestNGStarter -usedefaultlisteners false -socket50650 @w@C:\Users\Anya\AppData\Local\Temp\idea_working_dirs_testng.tmp -temp C:\Users\Anya\AppData\Local\Temp\idea_testng.tmp
java_class_path (initial): C:\Program Files\JetBrains\IntelliJ IDEA Community Edition 2017.1.3\lib\idea_rt.jar;C:\Program Files\JetBrains\IntelliJ IDEA Community Edition 2017.1.3\plugins\testng\lib\testng-plugin.jar;C:\Program Files\Java\jdk1.8.0_131\jre\lib\charsets.jar;C:\Program Files\Java\jdk1.8.0_131\jre\lib\deploy.jar;C:\Program Files\Java\jdk1.8.0_131\jre\lib\ext\access-bridge-64.jar;C:\Program Files\Java\jdk1.8.0_131\jre\lib\ext\cldrdata.jar;C:\Program Files\Java\jdk1.8.0_131\jre\lib\ext\dnsns.jar;C:\Program Files\Java\jdk1.8.0_131\jre\lib\ext\jaccess.jar;C:\Program Files\Java\jdk1.8.0_131\jre\lib\ext\jfxrt.jar;C:\Program Files\Java\jdk1.8.0_131\jre\lib\ext\localedata.jar;C:\Program Files\Java\jdk1.8.0_131\jre\lib\ext\nashorn.jar;C:\Program Files\Java\jdk1.8.0_131\jre\lib\ext\sunec.jar;C:\Program Files\Java\jdk1.8.0_131\jre\lib\ext\sunjce_provider.jar;C:\Program Files\Java\jdk1.8.0_131\jre\lib\ext\sunmscapi.jar;C:\Program Files\Java\jdk1.8.0_131\jre\lib\ext\sunpkcs11.jar;C:\Program Files\Java\jdk1.8.0_131\jre\lib\ext\zipfs.jar;C:\Program Files\Java\jdk1.8.0_131\jre\lib\javaws.jar;C:\Program Files\Java\jdk1.8.0_131\jre\lib\jce.jar;C:\Program Files\Java\jdk1.8.0_131\jre\lib\jfr.jar;C:\Program Files\Java\jdk1.8.0_131\jre\lib\jfxswt.jar;C:\Program Files\Java\jdk1.8.0_131\jre\lib\jsse.jar;C:\Program Files\Java\jdk1.8.0_131\jre\lib\management-agent.jar;C:\Program Files\Java\jdk1.8.0_131\jre\lib\plugin.jar;C:\Program Files\Java\jdk1.8.0_131\jre\lib\resources.jar;C:\Program Files\Java\jdk1.8.0_131\jre\lib\rt.jar;C:\MaklaiProject\target\test-classes;C:\MaklaiProject\target\classes;C:\Users\Anya\.m2\repository\log4j\log4j\1.2.17\log4j-1.2.17.jar;C:\Users\Anya\.m2\repository\org\seleniumhq\selenium\selenium-java\3.6.0\selenium-java-3.6.0.jar;C:\Users\Anya\.m2\repository\org\seleniumhq\selenium\selenium-api\3.6.0\selenium-api-3.6.0.jar;C:\Users\Anya\.m2\repository\org\seleniumhq\selenium\selenium-chrome-driver\3.6.0\selenium-chrome-driver-3.6.0.jar;C:\Users\Anya\.m2\r
Launcher Type: SUN_STANDARD

Environment Variables:
JAVA_HOME=C:\Program Files\Java\jdk1.8.0_131\
PATH=C:\ProgramData\Oracle\Java\javapath;C:\Program Files (x86)\PC Connectivity Solution\;C:\Windows\system32;C:\Windows;C:\Windows\System32\Wbem;C:\Windows\System32\WindowsPowerShell\v1.0\;C:\Program Files (x86)\Intel\OpenCL SDK\3.0\bin\x86;C:\Program Files (x86)\Intel\OpenCL SDK\3.0\bin\x64;c:\Program Files (x86)\Microsoft SQL Server\110\Tools\Binn\;c:\Program Files\Microsoft SQL Server\110\Tools\Binn\;c:\Program Files\Microsoft SQL Server\110\DTS\Binn\;c:\Program Files (x86)\Microsoft SQL Server\110\Tools\Binn\ManagementStudio\;c:\Program Files (x86)\Microsoft SQL Server\110\DTS\Binn\;C:\Program Files\apache-maven-3.3.9\bin;C:\Program Files (x86)\PICT\;C:\Program Files\Java\jdk1.8.0_131\bin;C:\Tools\drivers\;\bin;C:\Program Files\TortoiseGit\bin;C:\Program Files\OpenVPN\bin;C:\Program Files\TortoiseSVN\bin;C:\Python27;C:\Python27\Scripts;C:\Program Files (x86)\Bitvise SSH Client;C:\Git\cmd;
USERNAME=Anya
OS=Windows_NT
PROCESSOR_IDENTIFIER=Intel64 Family 6 Model 70 Stepping 1, GenuineIntel



---------------  S Y S T E M  ---------------

OS: Windows 8 , 64 bit Build 9200 (6.2.9200.16859)

CPU:total 8 (initial active 8) (4 cores per cpu, 2 threads per core) family 6 model 70 stepping 1, cmov, cx8, fxsr, mmx, sse, sse2, sse3, ssse3, sse4.1, sse4.2, popcnt, avx, avx2, aes, clmul, erms, lzcnt, ht, tsc, tscinvbit, bmi1, bmi2

Memory: 4k page, physical 8294648k(1355296k free), swap 9586156k(28308k free)

vm_info: Java HotSpot(TM) 64-Bit Server VM (25.131-b11) for windows-amd64 JRE (1.8.0_131-b11), built on Mar 15 2017 01:23:53 by "java_re" with MS VC++ 10.0 (VS2010)

time: Thu Aug 16 18:00:25 2018
elapsed time: 1 seconds (0d 0h 0m 1s)

